[debug] [2025-09-18T16:05:36.416Z] ----------------------------------------------------------------------
[debug] [2025-09-18T16:05:36.417Z] Command:       C:\Program Files\nodejs\node.exe C:\Users\malis\AppData\Roaming\npm\node_modules\firebase-tools\lib\bin\firebase.js init
[debug] [2025-09-18T16:05:36.417Z] CLI Version:   14.17.0
[debug] [2025-09-18T16:05:36.418Z] Platform:      win32
[debug] [2025-09-18T16:05:36.418Z] Node Version:  v22.16.0
[debug] [2025-09-18T16:05:36.418Z] Time:          Thu Sep 18 2025 19:05:36 GMT+0300 (GMT+03:00)
[debug] [2025-09-18T16:05:36.418Z] ----------------------------------------------------------------------
[debug] 
[debug] [2025-09-18T16:05:36.421Z] > command requires scopes: ["email","openid","https://www.googleapis.com/auth/cloudplatformprojects.readonly","https://www.googleapis.com/auth/firebase","https://www.googleapis.com/auth/cloud-platform"]
[debug] [2025-09-18T16:05:36.421Z] > authorizing via signed-in user (maliseker2005@gmail.com)
[info] 
     ######## #### ########  ######## ########     ###     ######  ########
     ##        ##  ##     ## ##       ##     ##  ##   ##  ##       ##
     ######    ##  ########  ######   ########  #########  ######  ######
     ##        ##  ##    ##  ##       ##     ## ##     ##       ## ##
     ##       #### ##     ## ######## ########  ##     ##  ######  ########

You're about to initialize a Firebase project in this directory:

  C:\Users\malis\authentication

[info] 
=== Project Setup
[info] 
[info] First, let's associate this project directory with a Firebase project.
[info] You can create multiple project aliases by running firebase use --add, 
[info] but for now we'll just set up a default project.
[info] 
[debug] [2025-09-18T16:09:07.603Z] Checked if tokens are valid: true, expires at: 1758215118155
[debug] [2025-09-18T16:09:07.603Z] Checked if tokens are valid: true, expires at: 1758215118155
[debug] [2025-09-18T16:09:07.604Z] >>> [apiv2][query] GET https://firebase.googleapis.com/v1beta1/projects pageSize=100
[debug] [2025-09-18T16:09:08.877Z] <<< [apiv2][status] GET https://firebase.googleapis.com/v1beta1/projects 200
[debug] [2025-09-18T16:09:08.877Z] <<< [apiv2][body] GET https://firebase.googleapis.com/v1beta1/projects [omitted]
[info] i  Using project authentication-33eb6 (authentication) 
[info] 
=== Functions Setup
[debug] [2025-09-18T16:09:12.823Z] > command requires scopes: ["email","openid","https://www.googleapis.com/auth/cloudplatformprojects.readonly","https://www.googleapis.com/auth/firebase","https://www.googleapis.com/auth/cloud-platform"]
[debug] [2025-09-18T16:09:12.823Z] > authorizing via signed-in user (maliseker2005@gmail.com)
[debug] [2025-09-18T16:09:12.823Z] [iam] checking project authentication-33eb6 for permissions ["firebase.projects.get"]
[debug] [2025-09-18T16:09:12.823Z] Checked if tokens are valid: true, expires at: 1758215118155
[debug] [2025-09-18T16:09:12.823Z] Checked if tokens are valid: true, expires at: 1758215118155
[debug] [2025-09-18T16:09:12.823Z] >>> [apiv2][query] POST https://cloudresourcemanager.googleapis.com/v1/projects/authentication-33eb6:testIamPermissions [none]
[debug] [2025-09-18T16:09:12.823Z] >>> [apiv2][(partial)header] POST https://cloudresourcemanager.googleapis.com/v1/projects/authentication-33eb6:testIamPermissions x-goog-quota-user=projects/authentication-33eb6
[debug] [2025-09-18T16:09:12.823Z] >>> [apiv2][body] POST https://cloudresourcemanager.googleapis.com/v1/projects/authentication-33eb6:testIamPermissions {"permissions":["firebase.projects.get"]}
[debug] [2025-09-18T16:09:14.144Z] <<< [apiv2][status] POST https://cloudresourcemanager.googleapis.com/v1/projects/authentication-33eb6:testIamPermissions 200
[debug] [2025-09-18T16:09:14.144Z] <<< [apiv2][body] POST https://cloudresourcemanager.googleapis.com/v1/projects/authentication-33eb6:testIamPermissions {"permissions":["firebase.projects.get"]}
[debug] [2025-09-18T16:09:14.144Z] Checked if tokens are valid: true, expires at: 1758215118155
[debug] [2025-09-18T16:09:14.144Z] Checked if tokens are valid: true, expires at: 1758215118155
[debug] [2025-09-18T16:09:14.144Z] Checked if tokens are valid: true, expires at: 1758215118155
[debug] [2025-09-18T16:09:14.144Z] Checked if tokens are valid: true, expires at: 1758215118155
[debug] [2025-09-18T16:09:14.145Z] >>> [apiv2][query] GET https://serviceusage.googleapis.com/v1/projects/authentication-33eb6/services/cloudfunctions.googleapis.com [none]
[debug] [2025-09-18T16:09:14.145Z] >>> [apiv2][(partial)header] GET https://serviceusage.googleapis.com/v1/projects/authentication-33eb6/services/cloudfunctions.googleapis.com x-goog-quota-user=projects/authentication-33eb6
[debug] [2025-09-18T16:09:14.145Z] >>> [apiv2][query] GET https://serviceusage.googleapis.com/v1/projects/authentication-33eb6/services/runtimeconfig.googleapis.com [none]
[debug] [2025-09-18T16:09:14.145Z] >>> [apiv2][(partial)header] GET https://serviceusage.googleapis.com/v1/projects/authentication-33eb6/services/runtimeconfig.googleapis.com x-goog-quota-user=projects/authentication-33eb6
[debug] [2025-09-18T16:09:16.693Z] <<< [apiv2][status] GET https://serviceusage.googleapis.com/v1/projects/authentication-33eb6/services/cloudfunctions.googleapis.com 200
[debug] [2025-09-18T16:09:16.693Z] <<< [apiv2][body] GET https://serviceusage.googleapis.com/v1/projects/authentication-33eb6/services/cloudfunctions.googleapis.com [omitted]
[debug] [2025-09-18T16:09:16.693Z] Checked if tokens are valid: true, expires at: 1758215118155
[debug] [2025-09-18T16:09:16.693Z] Checked if tokens are valid: true, expires at: 1758215118155
[debug] [2025-09-18T16:09:16.693Z] >>> [apiv2][query] POST https://serviceusage.googleapis.com/v1/projects/authentication-33eb6/services/cloudfunctions.googleapis.com:enable [none]
[debug] [2025-09-18T16:09:16.693Z] >>> [apiv2][(partial)header] POST https://serviceusage.googleapis.com/v1/projects/authentication-33eb6/services/cloudfunctions.googleapis.com:enable x-goog-quota-user=projects/authentication-33eb6
[debug] [2025-09-18T16:09:16.969Z] <<< [apiv2][status] GET https://serviceusage.googleapis.com/v1/projects/authentication-33eb6/services/runtimeconfig.googleapis.com 200
[debug] [2025-09-18T16:09:16.969Z] <<< [apiv2][body] GET https://serviceusage.googleapis.com/v1/projects/authentication-33eb6/services/runtimeconfig.googleapis.com [omitted]
[debug] [2025-09-18T16:09:18.165Z] <<< [apiv2][status] POST https://serviceusage.googleapis.com/v1/projects/authentication-33eb6/services/cloudfunctions.googleapis.com:enable 200
[debug] [2025-09-18T16:09:18.165Z] <<< [apiv2][body] POST https://serviceusage.googleapis.com/v1/projects/authentication-33eb6/services/cloudfunctions.googleapis.com:enable [omitted]
[info] Let's create a new codebase for your functions.
[info] A directory corresponding to the codebase will be created in your project
[info] with sample code pre-configured.

[info] See https://firebase.google.com/docs/functions/organize-functions for
[info] more information on organizing your functions using codebases.

[info] Functions can be deployed with firebase deploy.

[info] +  Wrote functions/package.json 
[info] +  Wrote functions/.eslintrc.js 
[info] +  Wrote functions/tsconfig.dev.json 
[info] +  Wrote functions/tsconfig.json 
[info] +  Wrote functions/src/index.ts 
[info] +  Wrote functions/.gitignore 
[info] 
=== Hosting Setup
[debug] [2025-09-19T07:08:11.275Z] Checked if tokens are valid: false, expires at: 1758215118155
[debug] [2025-09-19T07:08:11.276Z] Checked if tokens are valid: false, expires at: 1758215118155
[debug] [2025-09-19T07:08:11.276Z] > refreshing access token with scopes: []
[debug] [2025-09-19T07:08:11.278Z] >>> [apiv2][query] POST https://www.googleapis.com/oauth2/v3/token [none]
[debug] [2025-09-19T07:08:11.278Z] >>> [apiv2][body] POST https://www.googleapis.com/oauth2/v3/token [omitted]
[debug] [2025-09-19T07:08:12.391Z] <<< [apiv2][status] POST https://www.googleapis.com/oauth2/v3/token 200
[debug] [2025-09-19T07:08:12.391Z] <<< [apiv2][body] POST https://www.googleapis.com/oauth2/v3/token [omitted]
[debug] [2025-09-19T07:08:12.395Z] >>> [apiv2][query] GET https://firebase.googleapis.com/v1beta1/projects/authentication-33eb6 [none]
[debug] [2025-09-19T07:08:23.573Z] *** [apiv2] error from fetch(https://firebase.googleapis.com/v1beta1/projects/authentication-33eb6, {"headers":{},"method":"GET","signal":{}}): FetchError: request to https://firebase.googleapis.com/v1beta1/projects/authentication-33eb6 failed, reason: getaddrinfo ENOTFOUND firebase.googleapis.com
[debug] [2025-09-19T07:08:23.573Z] Failed to make request to https://firebase.googleapis.com/v1beta1/projects/authentication-33eb6 (original: request to https://firebase.googleapis.com/v1beta1/projects/authentication-33eb6 failed, reason: getaddrinfo ENOTFOUND firebase.googleapis.com)
[debug] [2025-09-19T07:08:28.058Z] FirebaseError: Failed to make request to https://firebase.googleapis.com/v1beta1/projects/authentication-33eb6
    at RetryOperation._fn (C:\Users\malis\AppData\Roaming\npm\node_modules\firebase-tools\lib\apiv2.js:261:31)
    at process.processTicksAndRejections (node:internal/process/task_queues:105:5)
[error] 
[error] Error: Failed to get Firebase project authentication-33eb6. Please make sure the project exists and your account has permission to access it.
